app/build/outputs/logs/manifest-merger-debug-report.txt
-- Merging decision tree log ---
manifest
ADDED from src/main/AndroidManifest.xml:2:1-33:12
	xmlns:android
		ADDED from src/main/AndroidManifest.xml:2:11-69
	package
		ADDED from src/main/AndroidManifest.xml:3:5-60
		INJECTED from src/main/AndroidManifest.xml
		INJECTED from src/main/AndroidManifest.xml
	android:versionName
		ADDED from src/main/AndroidManifest.xml:5:5-28
		INJECTED from src/main/AndroidManifest.xml
		INJECTED from src/main/AndroidManifest.xml
	android:versionCode
		ADDED from src/main/AndroidManifest.xml:4:5-28
uses-sdk
ADDED from src/main/AndroidManifest.xml:7:5-9:41
	android:targetSdkVersion
		ADDED from src/main/AndroidManifest.xml:9:9-38
		INJECTED from src/main/AndroidManifest.xml
		INJECTED from src/main/AndroidManifest.xml
	android:minSdkVersion
		ADDED from src/main/AndroidManifest.xml:8:9-35
		INJECTED from src/main/AndroidManifest.xml
		INJECTED from src/main/AndroidManifest.xml
uses-permission#android.permission.CAMERA
ADDED from src/main/AndroidManifest.xml:11:5-65
	android:name
		ADDED from src/main/AndroidManifest.xml:11:22-62
uses-feature#0x00020000
ADDED from src/main/AndroidManifest.xml:12:5-78
	android:required
		ADDED from src/main/AndroidManifest.xml:12:52-75
	android:glEsVersion
		ADDED from src/main/AndroidManifest.xml:12:19-51
application
ADDED from src/main/AndroidManifest.xml:14:5-31:19
MERGED from [hackathon.libraries:rosandroid-core:unspecified] AndroidManifest.xml:11:5-21:19
	android:label
		ADDED from src/main/AndroidManifest.xml:17:9-41
	android:allowBackup
		ADDED from src/main/AndroidManifest.xml:15:9-35
	android:icon
		ADDED from src/main/AndroidManifest.xml:16:9-45
	android:theme
		ADDED from src/main/AndroidManifest.xml:18:9-40
uses-library#com.projecttango.libtango_device
ADDED from src/main/AndroidManifest.xml:19:9-21:39
	android:required
		ADDED from src/main/AndroidManifest.xml:21:13-36
	android:name
		ADDED from src/main/AndroidManifest.xml:20:13-60
activity#com.projecttango.experiments.nativepointcloud.PointcloudActivity
ADDED from src/main/AndroidManifest.xml:22:9-30:20
	android:screenOrientation
		ADDED from src/main/AndroidManifest.xml:25:13-49
	android:label
		ADDED from src/main/AndroidManifest.xml:23:13-46
	android:name
		ADDED from src/main/AndroidManifest.xml:24:13-92
intent-filter#android.intent.action.MAIN+android.intent.category.LAUNCHER
ADDED from src/main/AndroidManifest.xml:26:13-29:29
action#android.intent.action.MAIN
ADDED from src/main/AndroidManifest.xml:27:17-69
	android:name
		ADDED from src/main/AndroidManifest.xml:27:25-66
category#android.intent.category.LAUNCHER
ADDED from src/main/AndroidManifest.xml:28:17-77
	android:name
		ADDED from src/main/AndroidManifest.xml:28:27-74
uses-permission#android.permission.INTERNET
ADDED from [hackathon.libraries:rosandroid-core:unspecified] AndroidManifest.xml:5:5-67
	android:name
		ADDED from [hackathon.libraries:rosandroid-core:unspecified] AndroidManifest.xml:5:22-64
uses-permission#android.permission.WRITE_EXTERNAL_STORAGE
ADDED from [hackathon.libraries:rosandroid-core:unspecified] AndroidManifest.xml:6:5-81
	android:name
		ADDED from [hackathon.libraries:rosandroid-core:unspecified] AndroidManifest.xml:6:22-78
uses-permission#android.permission.ACCESS_WIFI_STATE
ADDED from [hackathon.libraries:rosandroid-core:unspecified] AndroidManifest.xml:7:5-76
	android:name
		ADDED from [hackathon.libraries:rosandroid-core:unspecified] AndroidManifest.xml:7:22-73
uses-permission#android.permission.CHANGE_WIFI_STATE
ADDED from [hackathon.libraries:rosandroid-core:unspecified] AndroidManifest.xml:8:5-76
	android:name
		ADDED from [hackathon.libraries:rosandroid-core:unspecified] AndroidManifest.xml:8:22-73
uses-permission#android.permission.WAKE_LOCK
ADDED from [hackathon.libraries:rosandroid-core:unspecified] AndroidManifest.xml:9:5-68
	android:name
		ADDED from [hackathon.libraries:rosandroid-core:unspecified] AndroidManifest.xml:9:22-65
activity#org.ros.android.MasterChooser
ADDED from [hackathon.libraries:rosandroid-core:unspecified] AndroidManifest.xml:12:9-66
	android:name
		ADDED from [hackathon.libraries:rosandroid-core:unspecified] AndroidManifest.xml:12:19-63
service#org.ros.android.NodeMainExecutorService
ADDED from [hackathon.libraries:rosandroid-core:unspecified] AndroidManifest.xml:14:9-20:19
	android:exported
		ADDED from [hackathon.libraries:rosandroid-core:unspecified] AndroidManifest.xml:16:13-37
	android:name
		ADDED from [hackathon.libraries:rosandroid-core:unspecified] AndroidManifest.xml:15:13-67
intent-filter#org.ros.android.NodeMainExecutorService
ADDED from [hackathon.libraries:rosandroid-core:unspecified] AndroidManifest.xml:17:13-19:29
action#org.ros.android.NodeMainExecutorService
ADDED from [hackathon.libraries:rosandroid-core:unspecified] AndroidManifest.xml:18:17-82
	android:name
		ADDED from [hackathon.libraries:rosandroid-core:unspecified] AndroidManifest.xml:18:25-79
android:uses-permission#android.permission.WRITE_EXTERNAL_STORAGE
IMPLIED from src/main/AndroidManifest.xml:2:1-33:12 reason: org.ros.android has a targetSdkVersion < 4
android:uses-permission#android.permission.READ_PHONE_STATE
IMPLIED from src/main/AndroidManifest.xml:2:1-33:12 reason: org.ros.android has a targetSdkVersion < 4
android:uses-permission#android.permission.READ_EXTERNAL_STORAGE
IMPLIED from src/main/AndroidManifest.xml:2:1-33:12 reason: org.ros.android requested WRITE_EXTERNAL_STORAGE